<?xml version="1.0" encoding="UTF-8"?>
<!-- Generated by org.testng.reporters.JUnitReportReporter -->
<testsuite skipped="0" hostname="Rishi-Raj" name="lamda.test" tests="2" failures="0" timestamp="2020-07-16T20:05:57 IST" time="32.474" errors="0">
  <testcase name="testSimple" time="23.630" classname="lamda.test"/>
  <testcase name="testSimple" time="8.844" classname="lamda.test"/>
</testsuite> <!-- lamda.test -->
