<?xml version="1.0" encoding="UTF-8"?>
<!-- Generated by org.testng.reporters.JUnitReportReporter -->
<testsuite skipped="0" hostname="Rishi-Raj" name="lambda.test" tests="1" failures="0" timestamp="2020-07-16T20:12:43 IST" time="9.492" errors="0">
  <testcase name="testSimple" time="9.492" classname="lambda.test"/>
</testsuite> <!-- lambda.test -->
